<?xml version="1.0" encoding="UTF-8"?>
<!-- Generated by org.testng.reporters.JUnitReportReporter -->
<testsuite hostname="LAPTOP-00TCO18I" failures="0" tests="3" name="API_Testing.RestAssured.SpecBuilder" time="6.438" errors="0" timestamp="2025-07-06T14:54:02 IST" skipped="0">
  <testcase classname="API_Testing.RestAssured.SpecBuilder" name="addpojo" time="2.233"/>
  <testcase classname="API_Testing.RestAssured.SpecBuilder" name="getData" time="1.773"/>
  <testcase classname="API_Testing.RestAssured.SpecBuilder" name="updatedata" time="2.432"/>
</testsuite> <!-- API_Testing.RestAssured.SpecBuilder -->
