<?xml version="1.0" encoding="UTF-8"?>
<!-- Generated by org.testng.reporters.JUnitReportReporter -->
<testsuite hostname="LAPTOP-00TCO18I" failures="0" tests="3" name="API_Testing.RestAssured.Dynamic" time="2.774" errors="0" timestamp="2025-06-19T09:53:12 IST" skipped="0">
  <testcase classname="API_Testing.RestAssured.Dynamic" name="AddBook" time="2.197"/>
  <testcase classname="API_Testing.RestAssured.Dynamic" name="AddBook" time="0.391"/>
  <testcase classname="API_Testing.RestAssured.Dynamic" name="AddBook" time="0.186"/>
</testsuite> <!-- API_Testing.RestAssured.Dynamic -->
