<?xml version="1.0" encoding="UTF-8"?>
<!-- Generated by org.testng.reporters.JUnitReportReporter -->
<testsuite hostname="LAPTOP-00TCO18I" failures="0" tests="3" name="API_Testing.RestAssured.Dynamic" time="3.370" errors="0" timestamp="2025-06-27T04:02:51 IST" skipped="0">
  <testcase classname="API_Testing.RestAssured.Dynamic" name="AddBook" time="0.324"/>
  <testcase classname="API_Testing.RestAssured.Dynamic" name="AddBook" time="0.310"/>
  <testcase classname="API_Testing.RestAssured.Dynamic" name="AddBook" time="2.736"/>
</testsuite> <!-- API_Testing.RestAssured.Dynamic -->
