<?xml version="1.0" encoding="UTF-8"?>
<!-- Generated by org.testng.reporters.JUnitReportReporter -->
<testsuite hostname="LAPTOP-00TCO18I" failures="0" tests="1" name="API_Testing.RestAssured.pojotest" time="2.644" errors="0" timestamp="2025-07-02T10:56:58 IST" skipped="0">
  <testcase classname="API_Testing.RestAssured.pojotest" name="addpojo" time="2.644"/>
</testsuite> <!-- API_Testing.RestAssured.pojotest -->
