<?xml version="1.0" encoding="UTF-8"?>
<!-- Generated by org.testng.reporters.JUnitReportReporter -->
<testsuite hostname="LAPTOP-00TCO18I" failures="0" tests="3" name="API_Testing.RestAssured.Practise" time="7.071" errors="0" timestamp="2025-07-01T23:34:14 IST" skipped="0">
  <testcase classname="API_Testing.RestAssured.Practise" name="AddData" time="2.379"/>
  <testcase classname="API_Testing.RestAssured.Practise" name="getData" time="1.861"/>
  <testcase classname="API_Testing.RestAssured.Practise" name="UpdateData" time="2.831"/>
</testsuite> <!-- API_Testing.RestAssured.Practise -->
