<?xml version="1.0" encoding="UTF-8"?>
<!-- Generated by org.testng.reporters.JUnitReportReporter -->
<testsuite hostname="LAPTOP-00TCO18I" failures="0" tests="3" name="API_Testing.RestAssured.SpecBuilder" time="8.394" errors="0" timestamp="2025-07-13T10:39:01 IST" skipped="0">
  <testcase classname="API_Testing.RestAssured.SpecBuilder" name="addpojo" time="3.460"/>
  <testcase classname="API_Testing.RestAssured.SpecBuilder" name="getData" time="2.075"/>
  <testcase classname="API_Testing.RestAssured.SpecBuilder" name="updatedata" time="2.859"/>
</testsuite> <!-- API_Testing.RestAssured.SpecBuilder -->
